<?xml version="1.0" encoding="UTF-8"?>
<!-- Generated by org.testng.reporters.JUnitReportReporter -->
<testsuite hostname="PF4NMF47" failures="0" tests="3" name="First.MyFirst" time="30.029" errors="0" timestamp="2025-02-20T16:06:49 IST" skipped="0">
  <testcase classname="First.MyFirst" name="titleValidation" time="8.811"/>
  <testcase classname="First.MyFirst" name="validate_bestseller" time="10.276"/>
  <testcase classname="First.MyFirst" name="validate_Item" time="10.942"/>
</testsuite> <!-- First.MyFirst -->
